{"G:\\2yp_Oct_28\\2yp_final\\backend\\backend\\services\\event-service\\src\\controllers\\eventController.js": {"path":"G:\\2yp_Oct_28\\2yp_final\\backend\\backend\\services\\event-service\\src\\controllers\\eventController.js","statementMap":{"0":{"start":{"line":4,"column":13},"end":{"line":4,"column":44}},"1":{"start":{"line":9,"column":18},"end":{"line":22,"column":1}},"2":{"start":{"line":10,"column":2},"end":{"line":21,"column":3}},"3":{"start":{"line":11,"column":19},"end":{"line":16,"column":6}},"4":{"start":{"line":17,"column":4},"end":{"line":17,"column":26}},"5":{"start":{"line":19,"column":4},"end":{"line":19,"column":49}},"6":{"start":{"line":20,"column":4},"end":{"line":20,"column":76}},"7":{"start":{"line":27,"column":21},"end":{"line":46,"column":1}},"8":{"start":{"line":28,"column":17},"end":{"line":28,"column":27}},"9":{"start":{"line":29,"column":2},"end":{"line":45,"column":3}},"10":{"start":{"line":30,"column":19},"end":{"line":35,"column":5}},"11":{"start":{"line":37,"column":4},"end":{"line":39,"column":5}},"12":{"start":{"line":38,"column":6},"end":{"line":38,"column":66}},"13":{"start":{"line":41,"column":4},"end":{"line":41,"column":29}},"14":{"start":{"line":43,"column":4},"end":{"line":43,"column":48}},"15":{"start":{"line":44,"column":4},"end":{"line":44,"column":76}},"16":{"start":{"line":51,"column":20},"end":{"line":75,"column":1}},"17":{"start":{"line":52,"column":100},"end":{"line":52,"column":108}},"18":{"start":{"line":54,"column":2},"end":{"line":56,"column":3}},"19":{"start":{"line":55,"column":4},"end":{"line":55,"column":98}},"20":{"start":{"line":58,"column":2},"end":{"line":60,"column":3}},"21":{"start":{"line":59,"column":4},"end":{"line":59,"column":87}},"22":{"start":{"line":62,"column":2},"end":{"line":74,"column":3}},"23":{"start":{"line":63,"column":19},"end":{"line":68,"column":5}},"24":{"start":{"line":70,"column":4},"end":{"line":70,"column":91}},"25":{"start":{"line":72,"column":4},"end":{"line":72,"column":48}},"26":{"start":{"line":73,"column":4},"end":{"line":73,"column":76}},"27":{"start":{"line":80,"column":20},"end":{"line":112,"column":1}},"28":{"start":{"line":81,"column":17},"end":{"line":81,"column":27}},"29":{"start":{"line":82,"column":100},"end":{"line":82,"column":108}},"30":{"start":{"line":84,"column":2},"end":{"line":86,"column":3}},"31":{"start":{"line":85,"column":4},"end":{"line":85,"column":87}},"32":{"start":{"line":88,"column":2},"end":{"line":111,"column":3}},"33":{"start":{"line":89,"column":19},"end":{"line":101,"column":5}},"34":{"start":{"line":103,"column":4},"end":{"line":105,"column":5}},"35":{"start":{"line":104,"column":6},"end":{"line":104,"column":66}},"36":{"start":{"line":107,"column":4},"end":{"line":107,"column":79}},"37":{"start":{"line":109,"column":4},"end":{"line":109,"column":48}},"38":{"start":{"line":110,"column":4},"end":{"line":110,"column":76}},"39":{"start":{"line":117,"column":20},"end":{"line":136,"column":1}},"40":{"start":{"line":118,"column":17},"end":{"line":118,"column":27}},"41":{"start":{"line":120,"column":2},"end":{"line":135,"column":3}},"42":{"start":{"line":121,"column":19},"end":{"line":125,"column":5}},"43":{"start":{"line":127,"column":4},"end":{"line":129,"column":5}},"44":{"start":{"line":128,"column":6},"end":{"line":128,"column":66}},"45":{"start":{"line":131,"column":4},"end":{"line":131,"column":79}},"46":{"start":{"line":133,"column":4},"end":{"line":133,"column":48}},"47":{"start":{"line":134,"column":4},"end":{"line":134,"column":76}},"48":{"start":{"line":138,"column":0},"end":{"line":144,"column":2}}},"fnMap":{"0":{"name":"(anonymous_0)","decl":{"start":{"line":9,"column":18},"end":{"line":9,"column":19}},"loc":{"start":{"line":9,"column":38},"end":{"line":22,"column":1}},"line":9},"1":{"name":"(anonymous_1)","decl":{"start":{"line":27,"column":21},"end":{"line":27,"column":22}},"loc":{"start":{"line":27,"column":41},"end":{"line":46,"column":1}},"line":27},"2":{"name":"(anonymous_2)","decl":{"start":{"line":51,"column":20},"end":{"line":51,"column":21}},"loc":{"start":{"line":51,"column":40},"end":{"line":75,"column":1}},"line":51},"3":{"name":"(anonymous_3)","decl":{"start":{"line":80,"column":20},"end":{"line":80,"column":21}},"loc":{"start":{"line":80,"column":40},"end":{"line":112,"column":1}},"line":80},"4":{"name":"(anonymous_4)","decl":{"start":{"line":117,"column":20},"end":{"line":117,"column":21}},"loc":{"start":{"line":117,"column":40},"end":{"line":136,"column":1}},"line":117}},"branchMap":{"0":{"loc":{"start":{"line":37,"column":4},"end":{"line":39,"column":5}},"type":"if","locations":[{"start":{"line":37,"column":4},"end":{"line":39,"column":5}},{"start":{},"end":{}}],"line":37},"1":{"loc":{"start":{"line":54,"column":2},"end":{"line":56,"column":3}},"type":"if","locations":[{"start":{"line":54,"column":2},"end":{"line":56,"column":3}},{"start":{},"end":{}}],"line":54},"2":{"loc":{"start":{"line":54,"column":6},"end":{"line":54,"column":45}},"type":"binary-expr","locations":[{"start":{"line":54,"column":6},"end":{"line":54,"column":17}},{"start":{"line":54,"column":21},"end":{"line":54,"column":32}},{"start":{"line":54,"column":36},"end":{"line":54,"column":45}}],"line":54},"3":{"loc":{"start":{"line":58,"column":2},"end":{"line":60,"column":3}},"type":"if","locations":[{"start":{"line":58,"column":2},"end":{"line":60,"column":3}},{"start":{},"end":{}}],"line":58},"4":{"loc":{"start":{"line":67,"column":41},"end":{"line":67,"column":57}},"type":"binary-expr","locations":[{"start":{"line":67,"column":41},"end":{"line":67,"column":49}},{"start":{"line":67,"column":53},"end":{"line":67,"column":57}}],"line":67},"5":{"loc":{"start":{"line":67,"column":59},"end":{"line":67,"column":78}},"type":"binary-expr","locations":[{"start":{"line":67,"column":59},"end":{"line":67,"column":70}},{"start":{"line":67,"column":74},"end":{"line":67,"column":78}}],"line":67},"6":{"loc":{"start":{"line":67,"column":80},"end":{"line":67,"column":98}},"type":"binary-expr","locations":[{"start":{"line":67,"column":80},"end":{"line":67,"column":90}},{"start":{"line":67,"column":94},"end":{"line":67,"column":98}}],"line":67},"7":{"loc":{"start":{"line":67,"column":100},"end":{"line":67,"column":124}},"type":"binary-expr","locations":[{"start":{"line":67,"column":100},"end":{"line":67,"column":116}},{"start":{"line":67,"column":120},"end":{"line":67,"column":124}}],"line":67},"8":{"loc":{"start":{"line":84,"column":2},"end":{"line":86,"column":3}},"type":"if","locations":[{"start":{"line":84,"column":2},"end":{"line":86,"column":3}},{"start":{},"end":{}}],"line":84},"9":{"loc":{"start":{"line":84,"column":6},"end":{"line":84,"column":54}},"type":"binary-expr","locations":[{"start":{"line":84,"column":6},"end":{"line":84,"column":16}},{"start":{"line":84,"column":20},"end":{"line":84,"column":28}},{"start":{"line":84,"column":32},"end":{"line":84,"column":54}}],"line":84},"10":{"loc":{"start":{"line":100,"column":7},"end":{"line":100,"column":25}},"type":"binary-expr","locations":[{"start":{"line":100,"column":7},"end":{"line":100,"column":17}},{"start":{"line":100,"column":21},"end":{"line":100,"column":25}}],"line":100},"11":{"loc":{"start":{"line":100,"column":27},"end":{"line":100,"column":45}},"type":"binary-expr","locations":[{"start":{"line":100,"column":27},"end":{"line":100,"column":37}},{"start":{"line":100,"column":41},"end":{"line":100,"column":45}}],"line":100},"12":{"loc":{"start":{"line":100,"column":47},"end":{"line":100,"column":63}},"type":"binary-expr","locations":[{"start":{"line":100,"column":47},"end":{"line":100,"column":55}},{"start":{"line":100,"column":59},"end":{"line":100,"column":63}}],"line":100},"13":{"loc":{"start":{"line":100,"column":65},"end":{"line":100,"column":81}},"type":"binary-expr","locations":[{"start":{"line":100,"column":65},"end":{"line":100,"column":73}},{"start":{"line":100,"column":77},"end":{"line":100,"column":81}}],"line":100},"14":{"loc":{"start":{"line":100,"column":83},"end":{"line":100,"column":102}},"type":"binary-expr","locations":[{"start":{"line":100,"column":83},"end":{"line":100,"column":94}},{"start":{"line":100,"column":98},"end":{"line":100,"column":102}}],"line":100},"15":{"loc":{"start":{"line":100,"column":104},"end":{"line":100,"column":122}},"type":"binary-expr","locations":[{"start":{"line":100,"column":104},"end":{"line":100,"column":114}},{"start":{"line":100,"column":118},"end":{"line":100,"column":122}}],"line":100},"16":{"loc":{"start":{"line":100,"column":124},"end":{"line":100,"column":148}},"type":"binary-expr","locations":[{"start":{"line":100,"column":124},"end":{"line":100,"column":140}},{"start":{"line":100,"column":144},"end":{"line":100,"column":148}}],"line":100},"17":{"loc":{"start":{"line":103,"column":4},"end":{"line":105,"column":5}},"type":"if","locations":[{"start":{"line":103,"column":4},"end":{"line":105,"column":5}},{"start":{},"end":{}}],"line":103},"18":{"loc":{"start":{"line":127,"column":4},"end":{"line":129,"column":5}},"type":"if","locations":[{"start":{"line":127,"column":4},"end":{"line":129,"column":5}},{"start":{},"end":{}}],"line":127}},"s":{"0":3,"1":3,"2":41,"3":41,"4":37,"5":4,"6":4,"7":3,"8":8,"9":8,"10":8,"11":6,"12":4,"13":2,"14":2,"15":2,"16":3,"17":33,"18":29,"19":8,"20":21,"21":4,"22":17,"23":17,"24":15,"25":2,"26":2,"27":3,"28":13,"29":13,"30":13,"31":2,"32":11,"33":11,"34":9,"35":2,"36":7,"37":2,"38":2,"39":3,"40":8,"41":8,"42":8,"43":6,"44":4,"45":2,"46":2,"47":2,"48":3},"f":{"0":41,"1":8,"2":33,"3":13,"4":8},"b":{"0":[4,2],"1":[8,21],"2":[29,25,23],"3":[4,17],"4":[17,8],"5":[17,7],"6":[17,7],"7":[17,7],"8":[2,11],"9":[13,9,8],"10":[11,3],"11":[11,4],"12":[11,5],"13":[11,5],"14":[11,4],"15":[11,5],"16":[11,5],"17":[2,7],"18":[4,2]},"inputSourceMap":null,"_coverageSchema":"1a1c01bbd47fc00a2c39e90264f33305004495a9","hash":"a657015beb34a1cae35b101a49751b7022efaae2"}
,"G:\\2yp_Oct_28\\2yp_final\\backend\\backend\\services\\event-service\\src\\routes\\eventRoutes.js": {"path":"G:\\2yp_Oct_28\\2yp_final\\backend\\backend\\services\\event-service\\src\\routes\\eventRoutes.js","statementMap":{"0":{"start":{"line":1,"column":16},"end":{"line":1,"column":34}},"1":{"start":{"line":2,"column":15},"end":{"line":2,"column":31}},"2":{"start":{"line":11,"column":4},"end":{"line":11,"column":45}},"3":{"start":{"line":18,"column":0},"end":{"line":18,"column":27}},"4":{"start":{"line":21,"column":0},"end":{"line":21,"column":33}},"5":{"start":{"line":24,"column":0},"end":{"line":24,"column":30}},"6":{"start":{"line":27,"column":0},"end":{"line":27,"column":32}},"7":{"start":{"line":30,"column":0},"end":{"line":30,"column":35}},"8":{"start":{"line":32,"column":0},"end":{"line":32,"column":24}}},"fnMap":{},"branchMap":{},"s":{"0":2,"1":2,"2":2,"3":2,"4":2,"5":2,"6":2,"7":2,"8":2},"f":{},"b":{},"inputSourceMap":null,"_coverageSchema":"1a1c01bbd47fc00a2c39e90264f33305004495a9","hash":"0f26b045fcf0dc20dcf89d0825189773ca810f20"}
}
