TN:
SF:src\controllers\eventController.js
FN:9,(anonymous_0)
FN:27,(anonymous_1)
FN:51,(anonymous_2)
FN:80,(anonymous_3)
FN:117,(anonymous_4)
FNF:5
FNH:5
FNDA:41,(anonymous_0)
FNDA:8,(anonymous_1)
FNDA:33,(anonymous_2)
FNDA:13,(anonymous_3)
FNDA:8,(anonymous_4)
DA:4,3
DA:9,3
DA:10,41
DA:11,41
DA:17,37
DA:19,4
DA:20,4
DA:27,3
DA:28,8
DA:29,8
DA:30,8
DA:37,6
DA:38,4
DA:41,2
DA:43,2
DA:44,2
DA:51,3
DA:52,33
DA:54,29
DA:55,8
DA:58,21
DA:59,4
DA:62,17
DA:63,17
DA:70,15
DA:72,2
DA:73,2
DA:80,3
DA:81,13
DA:82,13
DA:84,13
DA:85,2
DA:88,11
DA:89,11
DA:103,9
DA:104,2
DA:107,7
DA:109,2
DA:110,2
DA:117,3
DA:118,8
DA:120,8
DA:121,8
DA:127,6
DA:128,4
DA:131,2
DA:133,2
DA:134,2
DA:138,3
LF:49
LH:49
BRDA:37,0,0,4
BRDA:37,0,1,2
BRDA:54,1,0,8
BRDA:54,1,1,21
BRDA:54,2,0,29
BRDA:54,2,1,25
BRDA:54,2,2,23
BRDA:58,3,0,4
BRDA:58,3,1,17
BRDA:67,4,0,17
BRDA:67,4,1,8
BRDA:67,5,0,17
BRDA:67,5,1,7
BRDA:67,6,0,17
BRDA:67,6,1,7
BRDA:67,7,0,17
BRDA:67,7,1,7
BRDA:84,8,0,2
BRDA:84,8,1,11
BRDA:84,9,0,13
BRDA:84,9,1,9
BRDA:84,9,2,8
BRDA:100,10,0,11
BRDA:100,10,1,3
BRDA:100,11,0,11
BRDA:100,11,1,4
BRDA:100,12,0,11
BRDA:100,12,1,5
BRDA:100,13,0,11
BRDA:100,13,1,5
BRDA:100,14,0,11
BRDA:100,14,1,4
BRDA:100,15,0,11
BRDA:100,15,1,5
BRDA:100,16,0,11
BRDA:100,16,1,5
BRDA:103,17,0,2
BRDA:103,17,1,7
BRDA:127,18,0,4
BRDA:127,18,1,2
BRF:40
BRH:40
end_of_record
TN:
SF:src\routes\eventRoutes.js
FNF:0
FNH:0
DA:1,2
DA:2,2
DA:11,2
DA:18,2
DA:21,2
DA:24,2
DA:27,2
DA:30,2
DA:32,2
LF:9
LH:9
BRF:0
BRH:0
end_of_record
