{"G:\\2yp_Oct_28\\2yp_final\\backend\\backend\\services\\alert-service\\src\\controllers\\alertController.js": {"path":"G:\\2yp_Oct_28\\2yp_final\\backend\\backend\\services\\alert-service\\src\\controllers\\alertController.js","statementMap":{"0":{"start":{"line":3,"column":13},"end":{"line":3,"column":44}},"1":{"start":{"line":6,"column":12},"end":{"line":6,"column":35}},"2":{"start":{"line":7,"column":24},"end":{"line":7,"column":57}},"3":{"start":{"line":9,"column":20},"end":{"line":50,"column":1}},"4":{"start":{"line":10,"column":2},"end":{"line":10,"column":42}},"5":{"start":{"line":12,"column":29},"end":{"line":12,"column":37}},"6":{"start":{"line":14,"column":2},"end":{"line":16,"column":3}},"7":{"start":{"line":15,"column":4},"end":{"line":15,"column":72}},"8":{"start":{"line":19,"column":21},"end":{"line":19,"column":49}},"9":{"start":{"line":20,"column":2},"end":{"line":20,"column":90}},"10":{"start":{"line":20,"column":19},"end":{"line":20,"column":90}},"11":{"start":{"line":22,"column":16},"end":{"line":22,"column":40}},"12":{"start":{"line":23,"column":2},"end":{"line":23,"column":70}},"13":{"start":{"line":23,"column":14},"end":{"line":23,"column":70}},"14":{"start":{"line":26,"column":18},"end":{"line":26,"column":35}},"15":{"start":{"line":27,"column":18},"end":{"line":27,"column":48}},"16":{"start":{"line":29,"column":2},"end":{"line":49,"column":3}},"17":{"start":{"line":30,"column":19},"end":{"line":35,"column":5}},"18":{"start":{"line":37,"column":23},"end":{"line":37,"column":37}},"19":{"start":{"line":40,"column":4},"end":{"line":40,"column":28}},"20":{"start":{"line":42,"column":4},"end":{"line":45,"column":7}},"21":{"start":{"line":47,"column":4},"end":{"line":47,"column":51}},"22":{"start":{"line":48,"column":4},"end":{"line":48,"column":76}},"23":{"start":{"line":56,"column":18},"end":{"line":69,"column":1}},"24":{"start":{"line":58,"column":4},"end":{"line":68,"column":5}},"25":{"start":{"line":59,"column":23},"end":{"line":59,"column":63}},"26":{"start":{"line":60,"column":8},"end":{"line":64,"column":9}},"27":{"start":{"line":61,"column":12},"end":{"line":61,"column":34}},"28":{"start":{"line":63,"column":12},"end":{"line":63,"column":65}},"29":{"start":{"line":66,"column":8},"end":{"line":66,"column":66}},"30":{"start":{"line":67,"column":8},"end":{"line":67,"column":80}},"31":{"start":{"line":73,"column":21},"end":{"line":86,"column":1}},"32":{"start":{"line":74,"column":19},"end":{"line":74,"column":29}},"33":{"start":{"line":75,"column":4},"end":{"line":85,"column":5}},"34":{"start":{"line":76,"column":23},"end":{"line":76,"column":89}},"35":{"start":{"line":77,"column":8},"end":{"line":81,"column":9}},"36":{"start":{"line":78,"column":12},"end":{"line":78,"column":34}},"37":{"start":{"line":80,"column":12},"end":{"line":80,"column":66}},"38":{"start":{"line":83,"column":8},"end":{"line":83,"column":61}},"39":{"start":{"line":84,"column":8},"end":{"line":84,"column":80}},"40":{"start":{"line":90,"column":0},"end":{"line":102,"column":2}}},"fnMap":{"0":{"name":"(anonymous_0)","decl":{"start":{"line":9,"column":20},"end":{"line":9,"column":21}},"loc":{"start":{"line":9,"column":40},"end":{"line":50,"column":1}},"line":9},"1":{"name":"(anonymous_1)","decl":{"start":{"line":56,"column":18},"end":{"line":56,"column":19}},"loc":{"start":{"line":56,"column":38},"end":{"line":69,"column":1}},"line":56},"2":{"name":"(anonymous_2)","decl":{"start":{"line":73,"column":21},"end":{"line":73,"column":22}},"loc":{"start":{"line":73,"column":41},"end":{"line":86,"column":1}},"line":73}},"branchMap":{"0":{"loc":{"start":{"line":14,"column":2},"end":{"line":16,"column":3}},"type":"if","locations":[{"start":{"line":14,"column":2},"end":{"line":16,"column":3}},{"start":{},"end":{}}],"line":14},"1":{"loc":{"start":{"line":20,"column":2},"end":{"line":20,"column":90}},"type":"if","locations":[{"start":{"line":20,"column":2},"end":{"line":20,"column":90}},{"start":{},"end":{}}],"line":20},"2":{"loc":{"start":{"line":23,"column":2},"end":{"line":23,"column":70}},"type":"if","locations":[{"start":{"line":23,"column":2},"end":{"line":23,"column":70}},{"start":{},"end":{}}],"line":23},"3":{"loc":{"start":{"line":27,"column":18},"end":{"line":27,"column":48}},"type":"binary-expr","locations":[{"start":{"line":27,"column":18},"end":{"line":27,"column":35}},{"start":{"line":27,"column":39},"end":{"line":27,"column":48}}],"line":27},"4":{"loc":{"start":{"line":34,"column":30},"end":{"line":34,"column":51}},"type":"binary-expr","locations":[{"start":{"line":34,"column":30},"end":{"line":34,"column":37}},{"start":{"line":34,"column":41},"end":{"line":34,"column":51}}],"line":34},"5":{"loc":{"start":{"line":60,"column":8},"end":{"line":64,"column":9}},"type":"if","locations":[{"start":{"line":60,"column":8},"end":{"line":64,"column":9}},{"start":{"line":62,"column":15},"end":{"line":64,"column":9}}],"line":60},"6":{"loc":{"start":{"line":77,"column":8},"end":{"line":81,"column":9}},"type":"if","locations":[{"start":{"line":77,"column":8},"end":{"line":81,"column":9}},{"start":{"line":79,"column":15},"end":{"line":81,"column":9}}],"line":77}},"s":{"0":3,"1":3,"2":3,"3":3,"4":17,"5":17,"6":15,"7":3,"8":12,"9":12,"10":3,"11":9,"12":9,"13":2,"14":7,"15":7,"16":7,"17":7,"18":5,"19":5,"20":5,"21":2,"22":2,"23":3,"24":6,"25":6,"26":4,"27":2,"28":2,"29":2,"30":2,"31":3,"32":8,"33":8,"34":8,"35":6,"36":2,"37":3,"38":3,"39":3,"40":3},"f":{"0":17,"1":6,"2":8},"b":{"0":[3,12],"1":[3,9],"2":[2,7],"3":[7,2],"4":[7,6],"5":[2,2],"6":[2,3]},"inputSourceMap":null,"_coverageSchema":"1a1c01bbd47fc00a2c39e90264f33305004495a9","hash":"b031bca9aa40f8d8b412c50fb1d1d155655b3ab1"}
,"G:\\2yp_Oct_28\\2yp_final\\backend\\backend\\services\\alert-service\\src\\routes\\alertRoutes.js": {"path":"G:\\2yp_Oct_28\\2yp_final\\backend\\backend\\services\\alert-service\\src\\routes\\alertRoutes.js","statementMap":{"0":{"start":{"line":1,"column":16},"end":{"line":1,"column":34}},"1":{"start":{"line":2,"column":15},"end":{"line":2,"column":31}},"2":{"start":{"line":12,"column":4},"end":{"line":12,"column":45}},"3":{"start":{"line":18,"column":0},"end":{"line":18,"column":29}},"4":{"start":{"line":21,"column":0},"end":{"line":21,"column":33}},"5":{"start":{"line":24,"column":0},"end":{"line":24,"column":26}},"6":{"start":{"line":29,"column":0},"end":{"line":29,"column":24}}},"fnMap":{},"branchMap":{},"s":{"0":2,"1":2,"2":2,"3":2,"4":2,"5":2,"6":2},"f":{},"b":{},"inputSourceMap":null,"_coverageSchema":"1a1c01bbd47fc00a2c39e90264f33305004495a9","hash":"b43fea28821cb31a5e128b50244ebff72aa0019a"}
,"G:\\2yp_Oct_28\\2yp_final\\backend\\backend\\services\\alert-service\\src\\utils\\kioskNotifier.js": {"path":"G:\\2yp_Oct_28\\2yp_final\\backend\\backend\\services\\alert-service\\src\\utils\\kioskNotifier.js","statementMap":{"0":{"start":{"line":1,"column":18},"end":{"line":1,"column":31}},"1":{"start":{"line":3,"column":18},"end":{"line":3,"column":42}},"2":{"start":{"line":8,"column":2},"end":{"line":8,"column":32}},"3":{"start":{"line":10,"column":2},"end":{"line":12,"column":5}},"4":{"start":{"line":11,"column":4},"end":{"line":11,"column":62}},"5":{"start":{"line":14,"column":2},"end":{"line":16,"column":5}},"6":{"start":{"line":15,"column":4},"end":{"line":15,"column":51}},"7":{"start":{"line":18,"column":2},"end":{"line":21,"column":5}},"8":{"start":{"line":19,"column":4},"end":{"line":19,"column":61}},"9":{"start":{"line":20,"column":4},"end":{"line":20,"column":29}},"10":{"start":{"line":24,"column":0},"end":{"line":24,"column":9}},"11":{"start":{"line":27,"column":2},"end":{"line":33,"column":3}},"12":{"start":{"line":28,"column":4},"end":{"line":30,"column":7}},"13":{"start":{"line":29,"column":6},"end":{"line":29,"column":67}},"14":{"start":{"line":29,"column":15},"end":{"line":29,"column":67}},"15":{"start":{"line":32,"column":4},"end":{"line":32,"column":71}},"16":{"start":{"line":35,"column":2},"end":{"line":35,"column":58}},"17":{"start":{"line":38,"column":0},"end":{"line":38,"column":33}}},"fnMap":{"0":{"name":"initWS","decl":{"start":{"line":7,"column":9},"end":{"line":7,"column":15}},"loc":{"start":{"line":7,"column":18},"end":{"line":22,"column":1}},"line":7},"1":{"name":"(anonymous_1)","decl":{"start":{"line":10,"column":16},"end":{"line":10,"column":17}},"loc":{"start":{"line":10,"column":22},"end":{"line":12,"column":3}},"line":10},"2":{"name":"(anonymous_2)","decl":{"start":{"line":14,"column":17},"end":{"line":14,"column":18}},"loc":{"start":{"line":14,"column":26},"end":{"line":16,"column":3}},"line":14},"3":{"name":"(anonymous_3)","decl":{"start":{"line":18,"column":17},"end":{"line":18,"column":18}},"loc":{"start":{"line":18,"column":23},"end":{"line":21,"column":3}},"line":18},"4":{"name":"sendToKiosk","decl":{"start":{"line":26,"column":9},"end":{"line":26,"column":20}},"loc":{"start":{"line":26,"column":28},"end":{"line":36,"column":1}},"line":26},"5":{"name":"(anonymous_5)","decl":{"start":{"line":28,"column":35},"end":{"line":28,"column":36}},"loc":{"start":{"line":28,"column":44},"end":{"line":30,"column":5}},"line":28}},"branchMap":{"0":{"loc":{"start":{"line":27,"column":2},"end":{"line":33,"column":3}},"type":"if","locations":[{"start":{"line":27,"column":2},"end":{"line":33,"column":3}},{"start":{"line":31,"column":9},"end":{"line":33,"column":3}}],"line":27},"1":{"loc":{"start":{"line":27,"column":6},"end":{"line":27,"column":44}},"type":"binary-expr","locations":[{"start":{"line":27,"column":6},"end":{"line":27,"column":8}},{"start":{"line":27,"column":12},"end":{"line":27,"column":44}}],"line":27},"2":{"loc":{"start":{"line":29,"column":6},"end":{"line":29,"column":67}},"type":"if","locations":[{"start":{"line":29,"column":6},"end":{"line":29,"column":67}},{"start":{},"end":{}}],"line":29}},"s":{"0":11,"1":11,"2":12,"3":12,"4":1,"5":12,"6":1,"7":12,"8":1,"9":1,"10":11,"11":7,"12":6,"13":5,"14":5,"15":1,"16":7,"17":11},"f":{"0":12,"1":1,"2":1,"3":1,"4":7,"5":5},"b":{"0":[6,1],"1":[7,7],"2":[5,0]},"inputSourceMap":null,"_coverageSchema":"1a1c01bbd47fc00a2c39e90264f33305004495a9","hash":"91b063deaf53f1ad9683f7d8533a187516714b62"}
}
