TN:
SF:src\controllers\alertController.js
FN:9,(anonymous_0)
FN:56,(anonymous_1)
FN:73,(anonymous_2)
FNF:3
FNH:3
FNDA:17,(anonymous_0)
FNDA:6,(anonymous_1)
FNDA:8,(anonymous_2)
DA:3,3
DA:6,3
DA:7,3
DA:9,3
DA:10,17
DA:12,17
DA:14,15
DA:15,3
DA:19,12
DA:20,12
DA:22,9
DA:23,9
DA:26,7
DA:27,7
DA:29,7
DA:30,7
DA:37,5
DA:40,5
DA:42,5
DA:47,2
DA:48,2
DA:56,3
DA:58,6
DA:59,6
DA:60,4
DA:61,2
DA:63,2
DA:66,2
DA:67,2
DA:73,3
DA:74,8
DA:75,8
DA:76,8
DA:77,6
DA:78,2
DA:80,3
DA:83,3
DA:84,3
DA:90,3
LF:39
LH:39
BRDA:14,0,0,3
BRDA:14,0,1,12
BRDA:20,1,0,3
BRDA:20,1,1,9
BRDA:23,2,0,2
BRDA:23,2,1,7
BRDA:27,3,0,7
BRDA:27,3,1,2
BRDA:34,4,0,7
BRDA:34,4,1,6
BRDA:60,5,0,2
BRDA:60,5,1,2
BRDA:77,6,0,2
BRDA:77,6,1,3
BRF:14
BRH:14
end_of_record
TN:
SF:src\routes\alertRoutes.js
FNF:0
FNH:0
DA:1,2
DA:2,2
DA:12,2
DA:18,2
DA:21,2
DA:24,2
DA:29,2
LF:7
LH:7
BRF:0
BRH:0
end_of_record
TN:
SF:src\utils\kioskNotifier.js
FN:7,initWS
FN:10,(anonymous_1)
FN:14,(anonymous_2)
FN:18,(anonymous_3)
FN:26,sendToKiosk
FN:28,(anonymous_5)
FNF:6
FNH:6
FNDA:12,initWS
FNDA:1,(anonymous_1)
FNDA:1,(anonymous_2)
FNDA:1,(anonymous_3)
FNDA:7,sendToKiosk
FNDA:5,(anonymous_5)
DA:1,11
DA:3,11
DA:8,12
DA:10,12
DA:11,1
DA:14,12
DA:15,1
DA:18,12
DA:19,1
DA:20,1
DA:24,11
DA:27,7
DA:28,6
DA:29,5
DA:32,1
DA:35,7
DA:38,11
LF:17
LH:17
BRDA:27,0,0,6
BRDA:27,0,1,1
BRDA:27,1,0,7
BRDA:27,1,1,7
BRDA:29,2,0,5
BRDA:29,2,1,0
BRF:6
BRH:5
end_of_record
